  BigSmoke.cpp
  Cars.cpp
  GameLoop.cpp
C:\Users\xasa7\OneDrive\Documentos\GitHub\SanchezJavier_CrespoAndrea_AA2_1\AA2_Fase2_GTA\AA2_Fase2_GTA\Utils.h(19,24): warning C4018: '<': no coinciden signed/unsigned
  (compilando archivo de origen "GameLoop.cpp")
  
C:\Users\xasa7\OneDrive\Documentos\GitHub\SanchezJavier_CrespoAndrea_AA2_1\AA2_Fase2_GTA\AA2_Fase2_GTA\Utils.h(44,24): warning C4018: '<': no coinciden signed/unsigned
  (compilando archivo de origen "GameLoop.cpp")
  
C:\Users\xasa7\OneDrive\Documentos\GitHub\SanchezJavier_CrespoAndrea_AA2_1\AA2_Fase2_GTA\AA2_Fase2_GTA\Utils.h(79,27): warning C4018: '<': no coinciden signed/unsigned
  (compilando archivo de origen "GameLoop.cpp")
  
C:\Users\xasa7\OneDrive\Documentos\GitHub\SanchezJavier_CrespoAndrea_AA2_1\AA2_Fase2_GTA\AA2_Fase2_GTA\Utils.h(86,27): warning C4018: '<': no coinciden signed/unsigned
  (compilando archivo de origen "GameLoop.cpp")
  
C:\Users\xasa7\OneDrive\Documentos\GitHub\SanchezJavier_CrespoAndrea_AA2_1\AA2_Fase2_GTA\AA2_Fase2_GTA\Utils.h(97,24): warning C4018: '<': no coinciden signed/unsigned
  (compilando archivo de origen "GameLoop.cpp")
  
C:\Users\xasa7\OneDrive\Documentos\GitHub\SanchezJavier_CrespoAndrea_AA2_1\AA2_Fase2_GTA\AA2_Fase2_GTA\GameLoop.cpp(34,32): warning C4018: '<': no coinciden signed/unsigned
C:\Users\xasa7\OneDrive\Documentos\GitHub\SanchezJavier_CrespoAndrea_AA2_1\AA2_Fase2_GTA\AA2_Fase2_GTA\GameLoop.cpp(38,32): warning C4018: '<': no coinciden signed/unsigned
C:\Users\xasa7\OneDrive\Documentos\GitHub\SanchezJavier_CrespoAndrea_AA2_1\AA2_Fase2_GTA\AA2_Fase2_GTA\GameLoop.cpp(202,31): warning C4018: '<': no coinciden signed/unsigned
C:\Users\xasa7\OneDrive\Documentos\GitHub\SanchezJavier_CrespoAndrea_AA2_1\AA2_Fase2_GTA\AA2_Fase2_GTA\GameLoop.cpp(229,31): warning C4018: '<': no coinciden signed/unsigned
  GameLoop.h
  main.cpp
C:\Users\xasa7\OneDrive\Documentos\GitHub\SanchezJavier_CrespoAndrea_AA2_1\AA2_Fase2_GTA\AA2_Fase2_GTA\main.cpp(5,6): warning C4326: el tipo de valor devuelto de 'main' debe ser 'int' en lugar de 'void'
C:\Users\xasa7\OneDrive\Documentos\GitHub\SanchezJavier_CrespoAndrea_AA2_1\AA2_Fase2_GTA\AA2_Fase2_GTA\main.cpp(7,18): warning C4244: 'argumento': conversión de 'time_t' a 'unsigned int'; posible pérdida de datos
  Map.cpp
  Pedestrian.cpp
  Player.cpp
  Scenes.cpp
  Generando código...
Debug\GameLoop.obj : warning LNK4042: objeto especificado más de una vez; omitidos los sobrantes
main.obj : error LNK2019: símbolo externo "public: __thiscall GameLoop::GameLoop(void)" (??0GameLoop@@QAE@XZ) sin resolver al que se hace referencia en la función "public: __thiscall Scenes::Scenes(void)" (??0Scenes@@QAE@XZ)
C:\Users\xasa7\OneDrive\Documentos\GitHub\SanchezJavier_CrespoAndrea_AA2_1\AA2_Fase2_GTA\Debug\AA2_Fase2_GTA.exe : fatal error LNK1120: 1 externos sin resolver
