c:\users\xasa7\onedrive\documentos\github\fundamentos_de_la_programacion\fonaments_programació\aa2_fase2_javier_sanchez_andrea_crespo_gta\aa2_fase2_gta\aa2_fase2_gta\x64\debug\vc143.pdb
c:\users\xasa7\onedrive\documentos\github\fundamentos_de_la_programacion\fonaments_programació\aa2_fase2_javier_sanchez_andrea_crespo_gta\aa2_fase2_gta\aa2_fase2_gta\x64\debug\vc143.idb
c:\users\xasa7\onedrive\documentos\github\fundamentos_de_la_programacion\fonaments_programació\aa2_fase2_javier_sanchez_andrea_crespo_gta\aa2_fase2_gta\aa2_fase2_gta\x64\debug\scenes.obj
c:\users\xasa7\onedrive\documentos\github\fundamentos_de_la_programacion\fonaments_programació\aa2_fase2_javier_sanchez_andrea_crespo_gta\aa2_fase2_gta\aa2_fase2_gta\x64\debug\player.obj
c:\users\xasa7\onedrive\documentos\github\fundamentos_de_la_programacion\fonaments_programació\aa2_fase2_javier_sanchez_andrea_crespo_gta\aa2_fase2_gta\aa2_fase2_gta\x64\debug\pedestrian.obj
c:\users\xasa7\onedrive\documentos\github\fundamentos_de_la_programacion\fonaments_programació\aa2_fase2_javier_sanchez_andrea_crespo_gta\aa2_fase2_gta\aa2_fase2_gta\x64\debug\map.obj
c:\users\xasa7\onedrive\documentos\github\fundamentos_de_la_programacion\fonaments_programació\aa2_fase2_javier_sanchez_andrea_crespo_gta\aa2_fase2_gta\aa2_fase2_gta\x64\debug\main.obj
c:\users\xasa7\onedrive\documentos\github\fundamentos_de_la_programacion\fonaments_programació\aa2_fase2_javier_sanchez_andrea_crespo_gta\aa2_fase2_gta\aa2_fase2_gta\x64\debug\gameloop.obj
c:\users\xasa7\onedrive\documentos\github\fundamentos_de_la_programacion\fonaments_programació\aa2_fase2_javier_sanchez_andrea_crespo_gta\aa2_fase2_gta\aa2_fase2_gta\x64\debug\cars.obj
c:\users\xasa7\onedrive\documentos\github\fundamentos_de_la_programacion\fonaments_programació\aa2_fase2_javier_sanchez_andrea_crespo_gta\aa2_fase2_gta\aa2_fase2_gta\x64\debug\bigsmoke.obj
c:\users\xasa7\onedrive\documentos\github\fundamentos_de_la_programacion\fonaments_programació\aa2_fase2_javier_sanchez_andrea_crespo_gta\aa2_fase2_gta\aa2_fase2_gta\x64\debug\aa2_fase2_gta.ilk
c:\users\xasa7\onedrive\documentos\github\fundamentos_de_la_programacion\fonaments_programació\aa2_fase2_javier_sanchez_andrea_crespo_gta\aa2_fase2_gta\x64\debug\aa2_fase2_gta.pdb
c:\users\xasa7\onedrive\documentos\github\fundamentos_de_la_programacion\fonaments_programació\aa2_fase2_javier_sanchez_andrea_crespo_gta\aa2_fase2_gta\x64\debug\aa2_fase2_gta.exe
c:\users\xasa7\onedrive\documentos\github\fundamentos_de_la_programacion\fonaments_programació\aa2_fase2_javier_sanchez_andrea_crespo_gta\aa2_fase2_gta\aa2_fase2_gta\x64\debug\aa2_fase2_gta.tlog\cl.command.1.tlog
c:\users\xasa7\onedrive\documentos\github\fundamentos_de_la_programacion\fonaments_programació\aa2_fase2_javier_sanchez_andrea_crespo_gta\aa2_fase2_gta\aa2_fase2_gta\x64\debug\aa2_fase2_gta.tlog\cl.items.tlog
c:\users\xasa7\onedrive\documentos\github\fundamentos_de_la_programacion\fonaments_programació\aa2_fase2_javier_sanchez_andrea_crespo_gta\aa2_fase2_gta\aa2_fase2_gta\x64\debug\aa2_fase2_gta.tlog\cl.read.1.tlog
c:\users\xasa7\onedrive\documentos\github\fundamentos_de_la_programacion\fonaments_programació\aa2_fase2_javier_sanchez_andrea_crespo_gta\aa2_fase2_gta\aa2_fase2_gta\x64\debug\aa2_fase2_gta.tlog\cl.write.1.tlog
c:\users\xasa7\onedrive\documentos\github\fundamentos_de_la_programacion\fonaments_programació\aa2_fase2_javier_sanchez_andrea_crespo_gta\aa2_fase2_gta\aa2_fase2_gta\x64\debug\aa2_fase2_gta.tlog\link.command.1.tlog
c:\users\xasa7\onedrive\documentos\github\fundamentos_de_la_programacion\fonaments_programació\aa2_fase2_javier_sanchez_andrea_crespo_gta\aa2_fase2_gta\aa2_fase2_gta\x64\debug\aa2_fase2_gta.tlog\link.read.1.tlog
c:\users\xasa7\onedrive\documentos\github\fundamentos_de_la_programacion\fonaments_programació\aa2_fase2_javier_sanchez_andrea_crespo_gta\aa2_fase2_gta\aa2_fase2_gta\x64\debug\aa2_fase2_gta.tlog\link.secondary.1.tlog
c:\users\xasa7\onedrive\documentos\github\fundamentos_de_la_programacion\fonaments_programació\aa2_fase2_javier_sanchez_andrea_crespo_gta\aa2_fase2_gta\aa2_fase2_gta\x64\debug\aa2_fase2_gta.tlog\link.write.1.tlog
